# JRE version: OpenJDK Runtime Environment (17.0.11) (build 17.0.11+0--11852314)
# Java VM: OpenJDK 64-Bit Server VM (17.0.11+0--11852314, mixed mode, tiered, compressed oops, compressed class ptrs, g1 gc, windows-amd64)
GC Precious Log:
 CPUs: 16 total, 16 available
 Memory: 7930M
 Large Page Support: Disabled
 NUMA Support: Disabled
 Compressed Oops: Enabled (32-bit)
 Heap Region Size: 1M
 Heap Min Capacity: 8M
 Heap Initial Capacity: 124M
 Heap Max Capacity: 2G
 Pre-touch: Disabled
 Parallel Workers: 13
 Concurrent Workers: 3
 Concurrent Refinement Workers: 13
 Periodic GC: Disabled
Heap:
 garbage-first heap   total 230400K, used 138903K [0x0000000080000000, 0x0000000100000000)
  region size 1024K, 4 young (4096K), 4 survivors (4096K)
 Metaspace       used 110667K, committed 111488K, reserved 1179648K
  class space    used 15015K, committed 15424K, reserved 1048576K
GC Heap History (20 events):
Event: 41.730 GC heap after
{Heap after GC invocations=39 (full 0):
 garbage-first heap   total 152576K, used 97657K [0x0000000080000000, 0x0000000100000000)
  region size 1024K, 4 young (4096K), 4 survivors (4096K)
 Metaspace       used 100555K, committed 101248K, reserved 1179648K
  class space    used 13804K, committed 14144K, reserved 1048576K
}
Event: 42.619 GC heap before
{Heap before GC invocations=39 (full 0):
 garbage-first heap   total 152576K, used 134521K [0x0000000080000000, 0x0000000100000000)
  region size 1024K, 36 young (36864K), 4 survivors (4096K)
 Metaspace       used 103275K, committed 104000K, reserved 1179648K
  class space    used 14036K, committed 14400K, reserved 1048576K
}
Event: 42.630 GC heap after
{Heap after GC invocations=40 (full 0):
 garbage-first heap   total 152576K, used 101783K [0x0000000080000000, 0x0000000100000000)
  region size 1024K, 5 young (5120K), 5 survivors (5120K)
 Metaspace       used 103275K, committed 104000K, reserved 1179648K
  class space    used 14036K, committed 14400K, reserved 1048576K
}
Event: 42.993 GC heap before
{Heap before GC invocations=40 (full 0):
 garbage-first heap   total 152576K, used 110999K [0x0000000080000000, 0x0000000100000000)
  region size 1024K, 16 young (16384K), 5 survivors (5120K)
 Metaspace       used 104435K, committed 105088K, reserved 1179648K
  class space    used 14252K, committed 14592K, reserved 1048576K
}
Event: 43.004 GC heap after
{Heap after GC invocations=41 (full 0):
 garbage-first heap   total 152576K, used 103109K [0x0000000080000000, 0x0000000100000000)
  region size 1024K, 2 young (2048K), 2 survivors (2048K)
 Metaspace       used 104435K, committed 105088K, reserved 1179648K
  class space    used 14252K, committed 14592K, reserved 1048576K
}
Event: 43.823 GC heap before
{Heap before GC invocations=42 (full 0):
 garbage-first heap   total 181248K, used 125637K [0x0000000080000000, 0x0000000100000000)
  region size 1024K, 25 young (25600K), 2 survivors (2048K)
 Metaspace       used 105032K, committed 105792K, reserved 1179648K
  class space    used 14338K, committed 14720K, reserved 1048576K
}
Event: 43.831 GC heap after
{Heap after GC invocations=43 (full 0):
 garbage-first heap   total 181248K, used 106759K [0x0000000080000000, 0x0000000100000000)
  region size 1024K, 4 young (4096K), 4 survivors (4096K)
 Metaspace       used 105032K, committed 105792K, reserved 1179648K
  class space    used 14338K, committed 14720K, reserved 1048576K
}
Event: 43.886 GC heap before
{Heap before GC invocations=43 (full 0):
 garbage-first heap   total 181248K, used 110855K [0x0000000080000000, 0x0000000100000000)
  region size 1024K, 8 young (8192K), 4 survivors (4096K)
 Metaspace       used 105032K, committed 105792K, reserved 1179648K
  class space    used 14338K, committed 14720K, reserved 1048576K
}
Event: 43.893 GC heap after
{Heap after GC invocations=44 (full 0):
 garbage-first heap   total 181248K, used 105906K [0x0000000080000000, 0x0000000100000000)
  region size 1024K, 1 young (1024K), 1 survivors (1024K)
 Metaspace       used 105032K, committed 105792K, reserved 1179648K
  class space    used 14338K, committed 14720K, reserved 1048576K
}
Event: 44.667 GC heap before
{Heap before GC invocations=44 (full 0):
 garbage-first heap   total 181248K, used 148914K [0x0000000080000000, 0x0000000100000000)
  region size 1024K, 44 young (45056K), 1 survivors (1024K)
 Metaspace       used 105475K, committed 106176K, reserved 1179648K
  class space    used 14405K, committed 14784K, reserved 1048576K
}
Event: 44.674 GC heap after
{Heap after GC invocations=45 (full 0):
 garbage-first heap   total 181248K, used 108775K [0x0000000080000000, 0x0000000100000000)
  region size 1024K, 4 young (4096K), 4 survivors (4096K)
 Metaspace       used 105475K, committed 106176K, reserved 1179648K
  class space    used 14405K, committed 14784K, reserved 1048576K
}
Event: 46.311 GC heap before
{Heap before GC invocations=45 (full 0):
 garbage-first heap   total 181248K, used 151783K [0x0000000080000000, 0x0000000100000000)
  region size 1024K, 45 young (46080K), 4 survivors (4096K)
 Metaspace       used 107561K, committed 108416K, reserved 1179648K
  class space    used 14687K, committed 15104K, reserved 1048576K
}
Event: 46.332 GC heap after
{Heap after GC invocations=46 (full 0):
 garbage-first heap   total 181248K, used 126357K [0x0000000080000000, 0x0000000100000000)
  region size 1024K, 6 young (6144K), 6 survivors (6144K)
 Metaspace       used 107561K, committed 108416K, reserved 1179648K
  class space    used 14687K, committed 15104K, reserved 1048576K
}
Event: 46.936 GC heap before
{Heap before GC invocations=46 (full 0):
 garbage-first heap   total 181248K, used 143765K [0x0000000080000000, 0x0000000100000000)
  region size 1024K, 24 young (24576K), 6 survivors (6144K)
 Metaspace       used 107975K, committed 108736K, reserved 1179648K
  class space    used 14722K, committed 15104K, reserved 1048576K
}
Event: 46.950 GC heap after
{Heap after GC invocations=47 (full 0):
 garbage-first heap   total 181248K, used 131595K [0x0000000080000000, 0x0000000100000000)
  region size 1024K, 3 young (3072K), 3 survivors (3072K)
 Metaspace       used 107975K, committed 108736K, reserved 1179648K
  class space    used 14722K, committed 15104K, reserved 1048576K
}
Event: 47.699 GC heap before
{Heap before GC invocations=48 (full 0):
 garbage-first heap   total 230400K, used 163339K [0x0000000080000000, 0x0000000100000000)
  region size 1024K, 18 young (18432K), 3 survivors (3072K)
 Metaspace       used 108746K, committed 109504K, reserved 1179648K
  class space    used 14812K, committed 15168K, reserved 1048576K
}
Event: 47.712 GC heap after
{Heap after GC invocations=49 (full 0):
 garbage-first heap   total 230400K, used 136964K [0x0000000080000000, 0x0000000100000000)
  region size 1024K, 3 young (3072K), 3 survivors (3072K)
 Metaspace       used 108746K, committed 109504K, reserved 1179648K
  class space    used 14812K, committed 15168K, reserved 1048576K
}
Event: 47.862 GC heap before
{Heap before GC invocations=49 (full 0):
 garbage-first heap   total 230400K, used 144132K [0x0000000080000000, 0x0000000100000000)
  region size 1024K, 11 young (11264K), 3 survivors (3072K)
 Metaspace       used 109636K, committed 110464K, reserved 1179648K
  class space    used 14892K, committed 15296K, reserved 1048576K
}
Event: 47.870 GC heap after
{Heap after GC invocations=50 (full 0):
 garbage-first heap   total 230400K, used 135676K [0x0000000080000000, 0x0000000100000000)
  region size 1024K, 1 young (1024K), 1 survivors (1024K)
 Metaspace       used 109636K, committed 110464K, reserved 1179648K
  class space    used 14892K, committed 15296K, reserved 1048576K
}
Event: 48.961 GC heap before
{Heap before GC invocations=50 (full 0):
 garbage-first heap   total 230400K, used 166396K [0x0000000080000000, 0x0000000100000000)
  region size 1024K, 32 young (32768K), 1 survivors (1024K)
 Metaspace       used 110667K, committed 111488K, reserved 1179648K
  class space    used 15015K, committed 15424K, reserved 1048576K
}

